<?xml version="1.0" encoding="UTF-8"?>
<Site BuildName="Win32-ninja"
	BuildStamp="20251105-1347-Experimental"
	Name="DESKTOP-ELEOOQT"
	Generator="ctest-4.1.2"
	CompilerName="C:/mingw64/bin/c++.exe"
	CompilerVersion="15.2.0"
	OSName="Windows"
	Hostname="DESKTOP-ELEOOQT"
	OSRelease=" Professional"
	OSVersion=" (Build 9200)"
	OSPlatform="AMD64"
	Is64Bits="1"
	VendorString=""
	VendorID="Unknown Manufacturer"
	FamilyID="0"
	ModelID="0"
	ModelName=""
	ProcessorCacheSize="0"
	NumberOfLogicalCPU="12"
	NumberOfPhysicalCPU="8"
	TotalVirtualMemory="17068"
	TotalPhysicalMemory="16044"
	LogicalProcessorsPerPhysical="1"
	ProcessorClockFrequency="2100"
	>
	<Testing>
		<StartDateTime>Nov 26 18:47 T[NON-UTF-8-BYTE-0xFC]rkiye Standart Saati</StartDateTime>
		<StartTestTime>1764172062</StartTestTime>
		<TestList/>
		<EndDateTime>Nov 26 18:47 T[NON-UTF-8-BYTE-0xFC]rkiye Standart Saati</EndDateTime>
		<EndTestTime>1764172062</EndTestTime>
		<ElapsedMinutes>0</ElapsedMinutes>
	</Testing>
</Site>
